[debug] [2019-07-10T06:27:40.167Z] ----------------------------------------------------------------------
[debug] [2019-07-10T06:27:40.169Z] Command:       E:\Applications\nodejs\node.exe C:\Users\PC\AppData\Roaming\npm\node_modules\firebase-tools\lib\bin\firebase.js deploy
[debug] [2019-07-10T06:27:40.169Z] CLI Version:   7.0.2
[debug] [2019-07-10T06:27:40.169Z] Platform:      win32
[debug] [2019-07-10T06:27:40.169Z] Node Version:  v10.3.0
[debug] [2019-07-10T06:27:40.169Z] Time:          Wed Jul 10 2019 02:27:40 GMT-0400 (Eastern Daylight Time)
[debug] [2019-07-10T06:27:40.170Z] ----------------------------------------------------------------------
[debug] 
[debug] [2019-07-10T06:27:40.177Z] > command requires scopes: ["email","openid","https://www.googleapis.com/auth/cloudplatformprojects.readonly","https://www.googleapis.com/auth/firebase","https://www.googleapis.com/auth/cloud-platform"]
[debug] [2019-07-10T06:27:40.177Z] > authorizing via signed-in user
[debug] [2019-07-10T06:27:40.177Z] [iam] checking project dylan-david-davies for permissions ["cloudfunctions.functions.create","cloudfunctions.functions.delete","cloudfunctions.functions.get","cloudfunctions.functions.list","cloudfunctions.functions.update","cloudfunctions.operations.get","firebase.projects.get","firebasehosting.sites.update","firebaserules.releases.create","firebaserules.releases.update","firebaserules.rulesets.create"]
[debug] [2019-07-10T06:27:40.178Z] >>> HTTP REQUEST POST https://cloudresourcemanager.googleapis.com/v1/projects/dylan-david-davies:testIamPermissions  

[debug] [2019-07-10T06:27:40.573Z] <<< HTTP RESPONSE 200
[debug] [2019-07-10T06:27:40.575Z] >>> HTTP REQUEST GET https://firebase.googleapis.com/v1beta1/projects/dylan-david-davies  
 
[debug] [2019-07-10T06:27:40.806Z] <<< HTTP RESPONSE 200
[info] 
[info] === Deploying to 'dylan-david-davies'...
[info] 
[info] i  deploying storage, functions, hosting
[info] Running command: npm --prefix "$RESOURCE_DIR" run lint
[info] +  functions: Finished running predeploy script.
[debug] [2019-07-10T06:27:44.518Z] >>> HTTP REQUEST GET https://appengine.googleapis.com/v1/apps/dylan-david-davies  
 
[debug] [2019-07-10T06:27:44.926Z] <<< HTTP RESPONSE 200
[info] i  storage: checking storage.rules for compilation errors...
[debug] [2019-07-10T06:27:44.928Z] >>> HTTP REQUEST POST https://firebaserules.googleapis.com/v1/projects/dylan-david-davies:test  

[debug] [2019-07-10T06:27:45.083Z] <<< HTTP RESPONSE 200
[info] +  storage: rules file storage.rules compiled successfully
[debug] [2019-07-10T06:27:45.085Z] > [functions] package.json contents: {
  "name": "functions",
  "description": "Cloud Functions for Firebase",
  "scripts": {
    "lint": "eslint .",
    "serve": "firebase serve --only functions, hosting",
    "shell": "firebase functions:shell",
    "start": "npm run shell",
    "deploy": "firebase deploy --only functions",
    "logs": "firebase functions:log"
  },
  "engines": {
    "node": "8"
  },
  "dependencies": {
    "consolidate": "^0.15.1",
    "express": "^4.17.1",
    "firebase-admin": "^8.2.0",
    "firebase-functions": "^3.0.2",
    "handlebars": "^4.1.2"
  },
  "devDependencies": {
    "eslint": "^5.12.0",
    "eslint-plugin-promise": "^4.0.1",
    "firebase-functions-test": "^0.1.6"
  },
  "private": true
}
[info] i  functions: ensuring necessary APIs are enabled...
[debug] [2019-07-10T06:27:45.086Z] >>> HTTP REQUEST GET https://servicemanagement.googleapis.com/v1/services/cloudfunctions.googleapis.com/projectSettings/dylan-david-davies?view=CONSUMER_VIEW  
 
[debug] [2019-07-10T06:27:45.086Z] >>> HTTP REQUEST GET https://servicemanagement.googleapis.com/v1/services/runtimeconfig.googleapis.com/projectSettings/dylan-david-davies?view=CONSUMER_VIEW  
 
[debug] [2019-07-10T06:27:45.825Z] <<< HTTP RESPONSE 200
[debug] [2019-07-10T06:27:45.936Z] <<< HTTP RESPONSE 200
[info] +  functions: all necessary APIs are enabled
[debug] [2019-07-10T06:27:45.937Z] >>> HTTP REQUEST GET https://cloudresourcemanager.googleapis.com/v1/projects/dylan-david-davies  
 
[debug] [2019-07-10T06:27:46.217Z] <<< HTTP RESPONSE 200
[debug] [2019-07-10T06:27:46.217Z] >>> HTTP REQUEST GET https://mobilesdk-pa.googleapis.com/v1/projects/944917030027:getServerAppConfig  
 
[debug] [2019-07-10T06:27:46.481Z] <<< HTTP RESPONSE 200
[debug] [2019-07-10T06:27:46.482Z] >>> HTTP REQUEST POST https://firebasehosting.googleapis.com/v1beta1/sites/dylan-david-davies/versions  

[debug] [2019-07-10T06:27:47.134Z] <<< HTTP RESPONSE 200
[info] i  storage: uploading rules storage.rules...
[debug] [2019-07-10T06:27:47.135Z] >>> HTTP REQUEST POST https://firebaserules.googleapis.com/v1/projects/dylan-david-davies/rulesets  

[debug] [2019-07-10T06:27:47.400Z] <<< HTTP RESPONSE 200
[debug] [2019-07-10T06:27:47.401Z] [rules] created ruleset projects/dylan-david-davies/rulesets/b14404f4-2243-4542-b51e-ff02248f19a8
[info] i  functions: preparing functions directory for uploading...
[debug] [2019-07-10T06:27:47.402Z] >>> HTTP REQUEST GET https://runtimeconfig.googleapis.com/v1beta1/projects/dylan-david-davies/configs  
 
[debug] [2019-07-10T06:27:47.583Z] <<< HTTP RESPONSE 200
